<?xml version="1.0" encoding="UTF-8"?>
<!-- Generated by org.testng.reporters.JUnitReportReporter -->
<testsuite hostname="LAPTOP-GT3N9K6P" failures="1" tests="3" name="Parllel.ParllelTestRunner" time="42.344" errors="0" timestamp="2024-07-07T00:19:25 IST" skipped="0">
  <testcase classname="Parllel.ParllelTestRunner" name="runScenario" time="13.987"/>
  <system-out/>
  <testcase classname="Parllel.ParllelTestRunner" name="runScenario" time="14.128"/>
  <system-out/>
  <testcase classname="Parllel.ParllelTestRunner" name="runScenario" time="14.229">
    <failure type="java.lang.AssertionError">
      <![CDATA[java.lang.AssertionError
at org.junit.Assert.fail(Assert.java:87)
at org.junit.Assert.assertTrue(Assert.java:42)
at org.junit.Assert.assertTrue(Assert.java:53)
at Parllel.LoginPageSteps.page_title_should_be(LoginPageSteps.java:31)
at âœ½.page title should be "ParaBank | Accounts Overview"(classpath:Parllel/LoginPage.feature:24)
]]>
    </failure>
  </testcase> <!-- runScenario -->
  <system-out/>
</testsuite> <!-- Parllel.ParllelTestRunner -->
